#
# A fatal error has been detected by the Java Runtime Environment:
#
#  EXCEPTION_ACCESS_VIOLATION (0xc0000005) at pc=0x5fd4a69d, pid=6200, tid=7916
#
# JRE version: Java(TM) SE Runtime Environment (8.0_65-b17) (build 1.8.0_65-b17)
# Java VM: Java HotSpot(TM) Client VM (25.65-b01 mixed mode windows-x86 )
# Problematic frame:
# V  [jvm.dll+0xca69d]
#
# Failed to write core dump. Minidumps are not enabled by default on client versions of Windows
#
# If you would like to submit a bug report, please visit:
#   http://bugreport.java.com/bugreport/crash.jsp
#

---------------  T H R E A D  ---------------

Current thread (0x04153400):  JavaThread "JDWP Transport Listener: dt_socket" daemon [_thread_in_vm, id=7916, stack(0x04c30000,0x04c80000)]

siginfo: ExceptionCode=0xc0000005, reading address 0x3b6e6f00

Registers:
EAX=0x3b6e6f00, EBX=0x00000000, ECX=0x3b6e6f00, EDX=0x00000000
ESP=0x04c7f458, EBP=0x04c7f45c, ESI=0x04153400, EDI=0x002ce208
EIP=0x5fd4a69d, EFLAGS=0x00010206

Top of Stack: (sp=0x04c7f458)
0x04c7f458:   04153400 04c7f484 5fea7724 3b6e6f00
0x04c7f468:   04c7f53c 04c7f4bf 04153400 00000000
0x04c7f478:   00000000 00000000 04153400 04c7f4c0
0x04c7f488:   62179f80 002ce208 3b6e6f00 04c7f4bf
0x04c7f498:   3b6e6f00 6216436d 3b6e6f00 04c7f4bf
0x04c7f4a8:   00000006 00000000 00000000 f000100a
0x04c7f4b8:   00000000 01229e94 04c7f4e0 621644e0
0x04c7f4c8:   00000001 04c7f4fc 04c7f538 0545b5b0 

Instructions: (pc=0x5fd4a69d)
0x5fd4a67d:   5d c3 52 e8 5b f9 ff ff 5d c3 cc cc cc cc cc cc
0x5fd4a68d:   cc cc cc 55 8b ec 8b 45 08 85 c0 75 02 5d c3 56
0x5fd4a69d:   8b 30 85 f6 74 17 83 fe 37 74 12 8b 06 8b 50 08
0x5fd4a6ad:   8b ce ff d2 84 c0 74 05 8b c6 5e 5d c3 33 c0 5e 


Register to memory mapping:

EAX=0x3b6e6f00 is an unknown value
EBX=0x00000000 is an unknown value
ECX=0x3b6e6f00 is an unknown value
EDX=0x00000000 is an unknown value
ESP=0x04c7f458 is pointing into the stack for thread: 0x04153400
EBP=0x04c7f45c is pointing into the stack for thread: 0x04153400
ESI=0x04153400 is a thread
EDI=0x002ce208 is an unknown value


Stack: [0x04c30000,0x04c80000],  sp=0x04c7f458,  free space=317k
Native frames: (J=compiled Java code, j=interpreted, Vv=VM code, C=native code)
V  [jvm.dll+0xca69d]
V  [jvm.dll+0x227724]
C  [jdwp.dll+0x19f80]
C  [jdwp.dll+0x44e0]
C  [jdwp.dll+0x451e]
C  0x676e616c


---------------  P R O C E S S  ---------------

Java Threads: ( => current thread )
  0x08f8c800 JavaThread "ogiveServicesPool housekeeper" daemon [_thread_blocked, id=4372, stack(0x088f0000,0x08940000)]
  0x08f8f000 JavaThread "PostgreSQL-JDBC-SharedTimer-4" daemon [_thread_blocked, id=1168, stack(0x08820000,0x08870000)]
  0x08f8fc00 JavaThread "container-0" [_thread_blocked, id=7028, stack(0x088a0000,0x088f0000)]
  0x08f8e800 JavaThread "Catalina-utility-2" [_thread_blocked, id=6440, stack(0x04e10000,0x04e60000)]
  0x08f8e000 JavaThread "Catalina-utility-1" [_thread_blocked, id=6684, stack(0x08190000,0x081e0000)]
  0x08f8dc00 JavaThread "restartedMain" [_thread_in_native, id=6556, stack(0x08270000,0x082c0000)]
  0x08f8c400 JavaThread "Thread-16" [_thread_blocked, id=5256, stack(0x0a860000,0x0a8b0000)]
  0x05a4d800 JavaThread "DestroyJavaVM" [_thread_blocked, id=7628, stack(0x01a60000,0x01ab0000)]
  0x055b7c00 JavaThread "Live Reload Server" daemon [_thread_in_native, id=5724, stack(0x08200000,0x08250000)]
  0x053bd800 JavaThread "RMI TCP Accept-0" daemon [_thread_in_native, id=7644, stack(0x04ca0000,0x04cf0000)]
  0x053b2800 JavaThread "RMI TCP Accept-60300" daemon [_thread_in_native, id=3056, stack(0x05b80000,0x05bd0000)]
  0x052fe000 JavaThread "RMI TCP Accept-0" daemon [_thread_in_native, id=5828, stack(0x05b00000,0x05b50000)]
  0x04189800 JavaThread "Service Thread" daemon [_thread_blocked, id=7312, stack(0x04eb0000,0x04f00000)]
  0x0416b000 JavaThread "C1 CompilerThread0" daemon [_thread_blocked, id=1404, stack(0x04d20000,0x04d70000)]
  0x0415f400 JavaThread "JDWP Command Reader" daemon [_thread_in_native, id=7020, stack(0x04b50000,0x04ba0000)]
  0x04155400 JavaThread "JDWP Event Helper Thread" daemon [_thread_blocked, id=2084, stack(0x04930000,0x04980000)]
=>0x04153400 JavaThread "JDWP Transport Listener: dt_socket" daemon [_thread_in_vm, id=7916, stack(0x04c30000,0x04c80000)]
  0x04141400 JavaThread "Attach Listener" daemon [_thread_blocked, id=7976, stack(0x04520000,0x04570000)]
  0x0414a800 JavaThread "Signal Dispatcher" daemon [_thread_blocked, id=6732, stack(0x04030000,0x04080000)]
  0x0410b000 JavaThread "Finalizer" daemon [_thread_blocked, id=3140, stack(0x04370000,0x043c0000)]
  0x04105000 JavaThread "Reference Handler" daemon [_thread_blocked, id=8008, stack(0x04320000,0x04370000)]

Other Threads:
  0x04100400 VMThread [stack: 0x03f20000,0x03f70000] [id=4632]
  0x053c0400 WatcherThread [stack: 0x04e60000,0x04eb0000] [id=6188]

VM state:not at safepoint (normal execution)

VM Mutex/Monitor currently owned by a thread: None

Heap:
 def new generation   total 25600K, used 23048K [0x0f200000, 0x10dc0000, 0x14750000)
  eden space 22784K,  96% used [0x0f200000, 0x10773268, 0x10840000)
  from space 2816K,  38% used [0x10840000, 0x1094edc0, 0x10b00000)
  to   space 2816K,   0% used [0x10b00000, 0x10b00000, 0x10dc0000)
 tenured generation   total 56796K, used 33926K [0x14750000, 0x17ec7000, 0x1f200000)
   the space 56796K,  59% used [0x14750000, 0x16871a20, 0x16871c00, 0x17ec7000)
 Metaspace       used 45250K, capacity 47547K, committed 47616K, reserved 48512K

Card table byte_map: [0x018f0000,0x01980000] byte_map_base: 0x01877000

Polling page: 0x00280000

CodeCache: size=32768Kb used=6911Kb max_used=7023Kb free=25856Kb
 bounds [0x01ab0000, 0x021a0000, 0x03ab0000]
 total_blobs=4023 nmethods=3801 adapters=159
 compilation: enabled

Compilation events (10 events):
Event: 602.437 Thread 0x0416b000 7444             org.postgresql.core.PGStream::sendInteger2 (72 bytes)
Event: 602.438 Thread 0x0416b000 nmethod 7444 0x01b7ff48 code [0x01b80090, 0x01b8036c]
Event: 614.771 Thread 0x0416b000 7445             java.util.ArrayDeque::removeFirst (19 bytes)
Event: 614.772 Thread 0x0416b000 nmethod 7445 0x01ff0788 code [0x01ff08a0, 0x01ff09c8]
Event: 621.896 Thread 0x0416b000 7446   !         org.postgresql.core.v3.QueryExecutorImpl::sendBind (749 bytes)
Event: 621.906 Thread 0x0416b000 nmethod 7446 0x02036708 code [0x02036ad0, 0x02037b9c]
Event: 623.751 Thread 0x0416b000 7447   !         java.net.AbstractPlainSocketImpl::acquireFD (29 bytes)
Event: 623.752 Thread 0x0416b000 nmethod 7447 0x01bed4c8 code [0x01bed5d0, 0x01bed7d0]
Event: 623.755 Thread 0x0416b000 7448   !         java.net.AbstractPlainSocketImpl::releaseFD (74 bytes)
Event: 623.756 Thread 0x0416b000 nmethod 7448 0x01c35408 code [0x01c35520, 0x01c3580c]

GC Heap History (10 events):
Event: 588.728 GC heap before
{Heap before GC invocations=195 (full 8):
 def new generation   total 25600K, used 25008K [0x0f200000, 0x10dc0000, 0x14750000)
  eden space 22784K, 100% used [0x0f200000, 0x10840000, 0x10840000)
  from space 2816K,  79% used [0x10b00000, 0x10d2c388, 0x10dc0000)
  to   space 2816K,   0% used [0x10840000, 0x10840000, 0x10b00000)
 tenured generation   total 56796K, used 31091K [0x14750000, 0x17ec7000, 0x1f200000)
   the space 56796K,  54% used [0x14750000, 0x165acf20, 0x165ad000, 0x17ec7000)
 Metaspace       used 45077K, capacity 47357K, committed 47488K, reserved 47488K
Event: 588.734 GC heap after
Heap after GC invocations=196 (full 8):
 def new generation   total 25600K, used 1174K [0x0f200000, 0x10dc0000, 0x14750000)
  eden space 22784K,   0% used [0x0f200000, 0x0f200000, 0x10840000)
  from space 2816K,  41% used [0x10840000, 0x10965b20, 0x10b00000)
  to   space 2816K,   0% used [0x10b00000, 0x10b00000, 0x10dc0000)
 tenured generation   total 56796K, used 31961K [0x14750000, 0x17ec7000, 0x1f200000)
   the space 56796K,  56% used [0x14750000, 0x16686778, 0x16686800, 0x17ec7000)
 Metaspace       used 45077K, capacity 47357K, committed 47488K, reserved 47488K
}
Event: 588.871 GC heap before
{Heap before GC invocations=196 (full 8):
 def new generation   total 25600K, used 23958K [0x0f200000, 0x10dc0000, 0x14750000)
  eden space 22784K, 100% used [0x0f200000, 0x10840000, 0x10840000)
  from space 2816K,  41% used [0x10840000, 0x10965b20, 0x10b00000)
  to   space 2816K,   0% used [0x10b00000, 0x10b00000, 0x10dc0000)
 tenured generation   total 56796K, used 31961K [0x14750000, 0x17ec7000, 0x1f200000)
   the space 56796K,  56% used [0x14750000, 0x16686778, 0x16686800, 0x17ec7000)
 Metaspace       used 45082K, capacity 47365K, committed 47488K, reserved 47488K
Event: 588.877 GC heap after
Heap after GC invocations=197 (full 8):
 def new generation   total 25600K, used 1915K [0x0f200000, 0x10dc0000, 0x14750000)
  eden space 22784K,   0% used [0x0f200000, 0x0f200000, 0x10840000)
  from space 2816K,  68% used [0x10b00000, 0x10cdedf8, 0x10dc0000)
  to   space 2816K,   0% used [0x10840000, 0x10840000, 0x10b00000)
 tenured generation   total 56796K, used 31961K [0x14750000, 0x17ec7000, 0x1f200000)
   the space 56796K,  56% used [0x14750000, 0x16686778, 0x16686800, 0x17ec7000)
 Metaspace       used 45082K, capacity 47365K, committed 47488K, reserved 47488K
}
Event: 589.134 GC heap before
{Heap before GC invocations=197 (full 8):
 def new generation   total 25600K, used 24699K [0x0f200000, 0x10dc0000, 0x14750000)
  eden space 22784K, 100% used [0x0f200000, 0x10840000, 0x10840000)
  from space 2816K,  68% used [0x10b00000, 0x10cdedf8, 0x10dc0000)
  to   space 2816K,   0% used [0x10840000, 0x10840000, 0x10b00000)
 tenured generation   total 56796K, used 31961K [0x14750000, 0x17ec7000, 0x1f200000)
   the space 56796K,  56% used [0x14750000, 0x16686778, 0x16686800, 0x17ec7000)
 Metaspace       used 45177K, capacity 47434K, committed 47488K, reserved 47488K
Event: 589.141 GC heap after
Heap after GC invocations=198 (full 8):
 def new generation   total 25600K, used 1603K [0x0f200000, 0x10dc0000, 0x14750000)
  eden space 22784K,   0% used [0x0f200000, 0x0f200000, 0x10840000)
  from space 2816K,  56% used [0x10840000, 0x109d0c70, 0x10b00000)
  to   space 2816K,   0% used [0x10b00000, 0x10b00000, 0x10dc0000)
 tenured generation   total 56796K, used 32589K [0x14750000, 0x17ec7000, 0x1f200000)
   the space 56796K,  57% used [0x14750000, 0x16723540, 0x16723600, 0x17ec7000)
 Metaspace       used 45177K, capacity 47434K, committed 47488K, reserved 47488K
}
Event: 589.417 GC heap before
{Heap before GC invocations=198 (full 8):
 def new generation   total 25600K, used 24382K [0x0f200000, 0x10dc0000, 0x14750000)
  eden space 22784K,  99% used [0x0f200000, 0x1083ebd0, 0x10840000)
  from space 2816K,  56% used [0x10840000, 0x109d0c70, 0x10b00000)
  to   space 2816K,   0% used [0x10b00000, 0x10b00000, 0x10dc0000)
 tenured generation   total 56796K, used 32589K [0x14750000, 0x17ec7000, 0x1f200000)
   the space 56796K,  57% used [0x14750000, 0x16723540, 0x16723600, 0x17ec7000)
 Metaspace       used 45214K, capacity 47473K, committed 47488K, reserved 47488K
Event: 589.426 GC heap after
Heap after GC invocations=199 (full 8):
 def new generation   total 25600K, used 1847K [0x0f200000, 0x10dc0000, 0x14750000)
  eden space 22784K,   0% used [0x0f200000, 0x0f200000, 0x10840000)
  from space 2816K,  65% used [0x10b00000, 0x10ccdcb0, 0x10dc0000)
  to   space 2816K,   0% used [0x10840000, 0x10840000, 0x10b00000)
 tenured generation   total 56796K, used 33270K [0x14750000, 0x17ec7000, 0x1f200000)
   the space 56796K,  58% used [0x14750000, 0x167cda00, 0x167cda00, 0x17ec7000)
 Metaspace       used 45214K, capacity 47473K, committed 47488K, reserved 47488K
}
Event: 589.432 GC heap before
{Heap before GC invocations=199 (full 8):
 def new generation   total 25600K, used 24568K [0x0f200000, 0x10dc0000, 0x14750000)
  eden space 22784K,  99% used [0x0f200000, 0x10830630, 0x10840000)
  from space 2816K,  65% used [0x10b00000, 0x10ccdcb0, 0x10dc0000)
  to   space 2816K,   0% used [0x10840000, 0x10840000, 0x10b00000)
 tenured generation   total 56796K, used 33270K [0x14750000, 0x17ec7000, 0x1f200000)
   the space 56796K,  58% used [0x14750000, 0x167cda00, 0x167cda00, 0x17ec7000)
 Metaspace       used 45214K, capacity 47473K, committed 47488K, reserved 47488K
Event: 589.438 GC heap after
Heap after GC invocations=200 (full 8):
 def new generation   total 25600K, used 1083K [0x0f200000, 0x10dc0000, 0x14750000)
  eden space 22784K,   0% used [0x0f200000, 0x0f200000, 0x10840000)
  from space 2816K,  38% used [0x10840000, 0x1094edc0, 0x10b00000)
  to   space 2816K,   0% used [0x10b00000, 0x10b00000, 0x10dc0000)
 tenured generation   total 56796K, used 33926K [0x14750000, 0x17ec7000, 0x1f200000)
   the space 56796K,  59% used [0x14750000, 0x16871a20, 0x16871c00, 0x17ec7000)
 Metaspace       used 45214K, capacity 47473K, committed 47488K, reserved 47488K
}

Deoptimization events (0 events):
No events

Internal exceptions (10 events):
Event: 589.700 Thread 0x08f8dc00 Exception <a 'java/io/FileNotFoundException'> (0x0fed6fc8) thrown at [C:\re\workspace\8-2-build-windows-i586-cygwin\jdk8u65\4987\hotspot\src\share\vm\prims\jni.cpp, line 709]
Event: 589.708 Thread 0x08f8dc00 Exception <a 'java/lang/ArrayIndexOutOfBoundsException'> (0x0ff112f8) thrown at [C:\re\workspace\8-2-build-windows-i586-cygwin\jdk8u65\4987\hotspot\src\share\vm\runtime\sharedRuntime.cpp, line 605]
Event: 589.710 Thread 0x08f8dc00 Exception <a 'java/lang/ArrayIndexOutOfBoundsException'> (0x0ff26c48) thrown at [C:\re\workspace\8-2-build-windows-i586-cygwin\jdk8u65\4987\hotspot\src\share\vm\runtime\sharedRuntime.cpp, line 605]
Event: 589.711 Thread 0x08f8dc00 Exception <a 'java/lang/ArrayIndexOutOfBoundsException'> (0x0ff37648) thrown at [C:\re\workspace\8-2-build-windows-i586-cygwin\jdk8u65\4987\hotspot\src\share\vm\runtime\sharedRuntime.cpp, line 605]
Event: 590.598 Thread 0x08f8dc00 Exception <a 'java/io/FileNotFoundException'> (0x102d7d68) thrown at [C:\re\workspace\8-2-build-windows-i586-cygwin\jdk8u65\4987\hotspot\src\share\vm\prims\jni.cpp, line 709]
Event: 593.419 Thread 0x08f8d000 Exception <a 'java/io/FileNotFoundException'> (0x10442ab8) thrown at [C:\re\workspace\8-2-build-windows-i586-cygwin\jdk8u65\4987\hotspot\src\share\vm\prims\jni.cpp, line 709]
Event: 595.595 Thread 0x08f8d000 Exception <a 'java/io/FileNotFoundException'> (0x104c8c60) thrown at [C:\re\workspace\8-2-build-windows-i586-cygwin\jdk8u65\4987\hotspot\src\share\vm\prims\jni.cpp, line 709]
Event: 597.777 Thread 0x08f8d000 Exception <a 'java/io/FileNotFoundException'> (0x1054c8e0) thrown at [C:\re\workspace\8-2-build-windows-i586-cygwin\jdk8u65\4987\hotspot\src\share\vm\prims\jni.cpp, line 709]
Event: 600.004 Thread 0x08f8d000 Exception <a 'java/io/FileNotFoundException'> (0x10642430) thrown at [C:\re\workspace\8-2-build-windows-i586-cygwin\jdk8u65\4987\hotspot\src\share\vm\prims\jni.cpp, line 709]
Event: 602.163 Thread 0x08f8d000 Exception <a 'java/io/FileNotFoundException'> (0x106c6c68) thrown at [C:\re\workspace\8-2-build-windows-i586-cygwin\jdk8u65\4987\hotspot\src\share\vm\prims\jni.cpp, line 709]

Events (10 events):
Event: 617.559 Executing VM operation: ChangeBreakpoints
Event: 617.561 Executing VM operation: ChangeBreakpoints done
Event: 617.568 Executing VM operation: ChangeBreakpoints
Event: 617.570 Executing VM operation: ChangeBreakpoints done
Event: 617.577 Executing VM operation: ChangeBreakpoints
Event: 617.579 Executing VM operation: ChangeBreakpoints done
Event: 617.585 Executing VM operation: ChangeBreakpoints
Event: 617.587 Executing VM operation: ChangeBreakpoints done
Event: 625.399 Executing VM operation: RedefineClasses
Event: 625.466 Executing VM operation: RedefineClasses done


Dynamic libraries:
0x00300000 - 0x00333000 	C:\Program Files\Java\jdk1.8.0_65\bin\javaw.exe
0x76fb0000 - 0x770ec000 	C:\Windows\SYSTEM32\ntdll.dll
0x755b0000 - 0x75684000 	C:\Windows\system32\kernel32.dll
0x75390000 - 0x753da000 	C:\Windows\system32\KERNELBASE.dll
0x77140000 - 0x771e0000 	C:\Windows\system32\ADVAPI32.dll
0x75990000 - 0x75a3c000 	C:\Windows\system32\msvcrt.dll
0x75690000 - 0x756a9000 	C:\Windows\SYSTEM32\sechost.dll
0x75b30000 - 0x75bd1000 	C:\Windows\system32\RPCRT4.dll
0x75e10000 - 0x75ed9000 	C:\Windows\system32\USER32.dll
0x75a40000 - 0x75a8e000 	C:\Windows\system32\GDI32.dll
0x755a0000 - 0x755aa000 	C:\Windows\system32\LPK.dll
0x75870000 - 0x7590d000 	C:\Windows\system32\USP10.dll
0x73de0000 - 0x73f7e000 	C:\Windows\WinSxS\x86_microsoft.windows.common-controls_6595b64144ccf1df_6.0.7600.16385_none_421189da2b7fabfc\COMCTL32.dll
0x75400000 - 0x75457000 	C:\Windows\system32\SHLWAPI.dll
0x76d00000 - 0x76d1f000 	C:\Windows\system32\IMM32.DLL
0x75ee0000 - 0x75fac000 	C:\Windows\system32\MSCTF.dll
0x750d0000 - 0x750fa000 	C:\Windows\system32\nvinit.dll
0x750c0000 - 0x750c9000 	C:\Windows\system32\VERSION.dll
0x0f000000 - 0x0f006000 	C:\Program Files\NVIDIA Corporation\CoProcManager\detoured.dll
0x73100000 - 0x7312c000 	C:\Program Files\NVIDIA Corporation\CoProcManager\nvd3d9wrap.dll
0x75be0000 - 0x75d7d000 	C:\Windows\system32\SETUPAPI.dll
0x75180000 - 0x751a7000 	C:\Windows\system32\CFGMGR32.dll
0x75aa0000 - 0x75b2f000 	C:\Windows\system32\OLEAUT32.dll
0x756b0000 - 0x7580c000 	C:\Windows\system32\ole32.dll
0x753e0000 - 0x753f2000 	C:\Windows\system32\DEVOBJ.dll
0x730e0000 - 0x73100000 	C:\Program Files\NVIDIA Corporation\CoProcManager\nvdxgiwrap.dll
0x60050000 - 0x6010f000 	C:\Program Files\Java\jdk1.8.0_65\jre\bin\msvcr100.dll
0x5fc80000 - 0x60044000 	C:\Program Files\Java\jdk1.8.0_65\jre\bin\client\jvm.dll
0x6d880000 - 0x6d887000 	C:\Windows\system32\WSOCK32.dll
0x76f70000 - 0x76fa5000 	C:\Windows\system32\WS2_32.dll
0x77120000 - 0x77126000 	C:\Windows\system32\NSI.dll
0x739d0000 - 0x73a02000 	C:\Windows\system32\WINMM.dll
0x77130000 - 0x77135000 	C:\Windows\system32\PSAPI.DLL
0x73570000 - 0x7357c000 	C:\Program Files\Java\jdk1.8.0_65\jre\bin\verify.dll
0x6b530000 - 0x6b551000 	C:\Program Files\Java\jdk1.8.0_65\jre\bin\java.dll
0x62160000 - 0x62189000 	C:\Program Files\Java\jdk1.8.0_65\jre\bin\jdwp.dll
0x73dc0000 - 0x73dc7000 	C:\Program Files\Java\jdk1.8.0_65\jre\bin\npt.dll
0x6b5c0000 - 0x6b5d3000 	C:\Program Files\Java\jdk1.8.0_65\jre\bin\zip.dll
0x75fb0000 - 0x76bf9000 	C:\Windows\system32\SHELL32.dll
0x75100000 - 0x7510b000 	C:\Windows\system32\profapi.dll
0x73560000 - 0x73568000 	C:\Program Files\Java\jdk1.8.0_65\jre\bin\dt_socket.dll
0x73a80000 - 0x73a90000 	C:\Windows\system32\NLAapi.dll
0x74b30000 - 0x74b6c000 	C:\Windows\System32\mswsock.dll
0x749f0000 - 0x74a34000 	C:\Windows\system32\DNSAPI.dll
0x70a00000 - 0x70a08000 	C:\Windows\System32\winrnr.dll
0x709f0000 - 0x70a00000 	C:\Windows\system32\napinsp.dll
0x709d0000 - 0x709e2000 	C:\Windows\system32\pnrpnsp.dll
0x709c0000 - 0x709cd000 	C:\Windows\system32\wshbth.dll
0x74640000 - 0x7465c000 	C:\Windows\system32\IPHLPAPI.DLL
0x74630000 - 0x74637000 	C:\Windows\system32\WINNSI.DLL
0x71b10000 - 0x71b48000 	C:\Windows\System32\fwpuclnt.dll
0x70a10000 - 0x70a16000 	C:\Windows\system32\rasadhlp.dll
0x019e0000 - 0x01a38000 	C:\Windows\system32\LavasoftTcpService.dll
0x74fd0000 - 0x74fea000 	C:\Windows\system32\SspiCli.dll
0x74610000 - 0x74615000 	C:\Windows\System32\wshtcpip.dll
0x75040000 - 0x7504c000 	C:\Windows\system32\CRYPTBASE.dll
0x73d60000 - 0x73da0000 	C:\Windows\system32\uxtheme.dll
0x724e0000 - 0x7265c000 	C:\Program Files\360\Total Security\safemon\safemon.dll
0x73430000 - 0x73441000 	C:\Windows\system32\NETAPI32.dll
0x73420000 - 0x73429000 	C:\Windows\system32\netutils.dll
0x74e20000 - 0x74e39000 	C:\Windows\system32\srvcli.dll
0x73410000 - 0x7341f000 	C:\Windows\system32\wkscli.dll
0x6b520000 - 0x6b52a000 	C:\Program Files\Java\jdk1.8.0_65\jre\bin\management.dll
0x62140000 - 0x62156000 	C:\Program Files\Java\jdk1.8.0_65\jre\bin\net.dll
0x74b20000 - 0x74b26000 	C:\Windows\System32\wship6.dll
0x6abd0000 - 0x6abdf000 	C:\Program Files\Java\jdk1.8.0_65\jre\bin\nio.dll
0x74b70000 - 0x74b86000 	C:\Windows\system32\CRYPTSP.dll
0x74910000 - 0x7494b000 	C:\Windows\system32\rsaenh.dll
0x74720000 - 0x74737000 	C:\Windows\system32\USERENV.dll
0x71330000 - 0x71342000 	C:\Windows\system32\dhcpcsvc.DLL
0x712e0000 - 0x712ed000 	C:\Windows\system32\dhcpcsvc6.DLL
0x5ee90000 - 0x5eeb0000 	C:\Program Files\Java\jdk1.8.0_65\jre\bin\sunec.dll
0x6d0b0000 - 0x6d19b000 	C:\Windows\system32\dbghelp.dll

VM Arguments:
jvm_args: -agentlib:jdwp=transport=dt_socket,suspend=y,address=localhost:60301 -Dcom.sun.management.jmxremote -Dcom.sun.management.jmxremote.port=60300 -Dcom.sun.management.jmxremote.authenticate=false -Dcom.sun.management.jmxremote.ssl=false -Djava.rmi.server.hostname=localhost -Dspring.liveBeansView.mbeanDomain -Dspring.application.admin.enabled=true -Xverify:none -XX:TieredStopAtLevel=1 -Dfile.encoding=UTF-8 
java_command: com.app.Application --spring.output.ansi.enabled=always
java_class_path (initial): C:\Program Files\Java\jdk1.8.0_65\jre\lib\resources.jar;C:\Program Files\Java\jdk1.8.0_65\jre\lib\rt.jar;C:\Program Files\Java\jdk1.8.0_65\jre\lib\jsse.jar;C:\Program Files\Java\jdk1.8.0_65\jre\lib\jce.jar;C:\Program Files\Java\jdk1.8.0_65\jre\lib\charsets.jar;C:\Program Files\Java\jdk1.8.0_65\jre\lib\jfr.jar;C:\Program Files\Java\jdk1.8.0_65\jre\lib\ext\access-bridge.jar;C:\Program Files\Java\jdk1.8.0_65\jre\lib\ext\cldrdata.jar;C:\Program Files\Java\jdk1.8.0_65\jre\lib\ext\dnsns.jar;C:\Program Files\Java\jdk1.8.0_65\jre\lib\ext\jaccess.jar;C:\Program Files\Java\jdk1.8.0_65\jre\lib\ext\jfxrt.jar;C:\Program Files\Java\jdk1.8.0_65\jre\lib\ext\localedata.jar;C:\Program Files\Java\jdk1.8.0_65\jre\lib\ext\nashorn.jar;C:\Program Files\Java\jdk1.8.0_65\jre\lib\ext\sunec.jar;C:\Program Files\Java\jdk1.8.0_65\jre\lib\ext\sunjce_provider.jar;C:\Program Files\Java\jdk1.8.0_65\jre\lib\ext\sunmscapi.jar;C:\Program Files\Java\jdk1.8.0_65\jre\lib\ext\sunpkcs11.jar;C:\Program Files\Java\jdk1.8.0_65\jre\lib\ext\zipfs.jar;C:\Users\Dell\Documents\workspace-sts-3.9.5.RELEASE\ogive-services\target\classes;C:\Users\Dell\.m2\repository\org\springframework\boot\spring-boot-starter\2.2.1.RELEASE\spring-boot-starter-2.2.1.RELEASE.jar;C:\Users\Dell\.m2\repository\org\springframework\boot\spring-boot\2.2.1.RELEASE\spring-boot-2.2.1.RELEASE.jar;C:\Users\Dell\.m2\repository\org\springframework\boot\spring-boot-autoconfigure\2.2.1.RELEASE\spring-boot-autoconfigure-2.2.1.RELEASE.jar;C:\Users\Dell\.m2\repository\org\springframework\boot\spring-boot-starter-logging\2.2.1.RELEASE\spring-boot-starter-logging-2.2.1.RELEASE.jar;C:\Users\Dell\.m2\repository\ch\qos\logback\logback-classic\1.2.3\logback-classic-1.2.3.jar;C:\Users\Dell\.m2\repository\ch\qos\logback\logback-core\1.2.3\logback-core-1.2.3.jar;C:\Users\Dell\.m2\repository\org\apache\logging\log4j\log4j-to-slf4j\2.12.1\log4j-to-slf4j-2.12.1.jar;C:\Users\Dell\.m2\repository\org\apache\logging\log4j\log4j-api\2.12.1\l
Launcher Type: SUN_STANDARD

Environment Variables:
JAVA_HOME=C:\Program Files\Java\jdk1.8.0_65
CLASSPATH=C:\Program Files\Java\jdk1.8.0_65\lib;.;
PATH=C:\Program Files\Java\jdk1.8.0_65\jre\bin;C:/Program Files/Java/jre1.8.0_65/bin/client;C:/Program Files/Java/jre1.8.0_65/bin;C:/Program Files/Java/jre1.8.0_65/lib/i386;C:\ProgramData\Oracle\Java\javapath;C:\Windows\system32;C:\Windows;C:\Windows\System32\Wbem;C:\Windows\System32\WindowsPowerShell\v1.0\;C:\Program Files\nodejs\;C:\Program Files\Git\cmd;C:\Program Files\PuTTY\;C:\apache-maven-3.3.3-bin\apache-maven-3.3.3\bin;C:\Program Files\Java\jdk1.7.0_79\bin;C:\Users\Dell\AppData\Roaming\npm;D:\java softwares\gradle-5.2.1\bin;D:\java softwares\spring-tool-suite-3.9.5.RELEASE-e4.8.0-win32\sts-bundle\sts-3.9.5.RELEASE;
USERNAME=Dell
OS=Windows_NT
PROCESSOR_IDENTIFIER=x86 Family 6 Model 69 Stepping 1, GenuineIntel



---------------  S Y S T E M  ---------------

OS: Windows 7 Build 7600 (6.1.7600.16385)

CPU:total 4 (2 cores per cpu, 2 threads per core) family 6 model 69 stepping 1, cmov, cx8, fxsr, mmx, sse, sse2, sse3, ssse3, sse4.1, sse4.2, popcnt, aes, clmul, erms, lzcnt, ht, tsc, tscinvbit, bmi1, bmi2

Memory: 4k page, physical 3311604k(823612k free), swap 6621444k(2909524k free)

vm_info: Java HotSpot(TM) Client VM (25.65-b01) for windows-x86 JRE (1.8.0_65-b17), built on Oct  6 2015 17:26:22 by "java_re" with MS VC++ 10.0 (VS2010)

time: Sat Apr 11 11:25:21 2020
elapsed time: 625 seconds (0d 0h 10m 25s)

